<?xml version="1.0" encoding="UTF-8"?>
<testsuite xmlns:xsi="http://www.w3.org/2001/XMLSchema-instance" xsi:noNamespaceSchemaLocation="https://maven.apache.org/surefire/maven-surefire-plugin/xsd/surefire-test-report-3.0.xsd" version="3.0" name="basic.project.ChildrenClass1Test" time="0" tests="1" errors="0" skipped="0" failures="0">
  <properties>
    <property name="gopherProxySet" value="false"/>
    <property name="awt.toolkit" value="sun.lwawt.macosx.LWCToolkit"/>
    <property name="java.specification.version" value="11"/>
    <property name="sun.cpu.isalist" value=""/>
    <property name="sun.jnu.encoding" value="UTF-8"/>
    <property name="java.class.path" value="/Users/javierortiz/Documents/Personal/TestNG-CI/src/test/resources/unit/project-to-test/target/test-classes:/Users/javierortiz/Documents/Personal/TestNG-CI/src/test/resources/unit/project-to-test/target/classes:/Users/javierortiz/.m2/repository/junit/junit/4.13.2/junit-4.13.2.jar:/Users/javierortiz/.m2/repository/org/hamcrest/hamcrest-core/1.3/hamcrest-core-1.3.jar:"/>
    <property name="java.vm.vendor" value="Azul Systems, Inc."/>
    <property name="sun.arch.data.model" value="64"/>
    <property name="java.vendor.url" value="http://www.azul.com/"/>
    <property name="user.timezone" value=""/>
    <property name="java.vm.specification.version" value="11"/>
    <property name="os.name" value="Mac OS X"/>
    <property name="user.country" value="US"/>
    <property name="sun.java.launcher" value="SUN_STANDARD"/>
    <property name="sun.boot.library.path" value="/Users/javierortiz/Library/Java/JavaVirtualMachines/azul-11.0.17/Contents/Home/lib"/>
    <property name="sun.java.command" value="/Users/javierortiz/Documents/Personal/TestNG-CI/src/test/resources/unit/project-to-test/target/surefire/surefirebooter-20230420152659908_3.jar /Users/javierortiz/Documents/Personal/TestNG-CI/src/test/resources/unit/project-to-test/target/surefire 2023-04-20T15-26-59_743-jvmRun1 surefire-20230420152659908_1tmp surefire_0-20230420152659908_2tmp"/>
    <property name="http.nonProxyHosts" value="local|*.local|169.254/16|*.169.254/16"/>
    <property name="jdk.debug" value="release"/>
    <property name="surefire.test.class.path" value="/Users/javierortiz/Documents/Personal/TestNG-CI/src/test/resources/unit/project-to-test/target/test-classes:/Users/javierortiz/Documents/Personal/TestNG-CI/src/test/resources/unit/project-to-test/target/classes:/Users/javierortiz/.m2/repository/junit/junit/4.13.2/junit-4.13.2.jar:/Users/javierortiz/.m2/repository/org/hamcrest/hamcrest-core/1.3/hamcrest-core-1.3.jar:"/>
    <property name="sun.cpu.endian" value="little"/>
    <property name="user.home" value="/Users/javierortiz"/>
    <property name="user.language" value="en"/>
    <property name="java.specification.vendor" value="Oracle Corporation"/>
    <property name="java.version.date" value="2022-10-18"/>
    <property name="java.home" value="/Users/javierortiz/Library/Java/JavaVirtualMachines/azul-11.0.17/Contents/Home"/>
    <property name="file.separator" value="/"/>
    <property name="basedir" value="/Users/javierortiz/Documents/Personal/TestNG-CI/src/test/resources/unit/project-to-test"/>
    <property name="java.vm.compressedOopsMode" value="Zero based"/>
    <property name="line.separator" value=" "/>
    <property name="java.specification.name" value="Java Platform API Specification"/>
    <property name="java.vm.specification.vendor" value="Oracle Corporation"/>
    <property name="jdk.vendor.version" value="Zulu11.60+19-CA"/>
    <property name="java.awt.graphicsenv" value="sun.awt.CGraphicsEnvironment"/>
    <property name="surefire.real.class.path" value="/Users/javierortiz/Documents/Personal/TestNG-CI/src/test/resources/unit/project-to-test/target/surefire/surefirebooter-20230420152659908_3.jar"/>
    <property name="sun.management.compiler" value="HotSpot 64-Bit Tiered Compilers"/>
    <property name="ftp.nonProxyHosts" value="local|*.local|169.254/16|*.169.254/16"/>
    <property name="java.runtime.version" value="11.0.17+8-LTS"/>
    <property name="user.name" value="javierortiz"/>
    <property name="path.separator" value=":"/>
    <property name="os.version" value="13.3.1"/>
    <property name="java.runtime.name" value="OpenJDK Runtime Environment"/>
    <property name="file.encoding" value="UTF-8"/>
    <property name="java.vm.name" value="OpenJDK 64-Bit Server VM"/>
    <property name="java.vendor.version" value="Zulu11.60+19-CA"/>
    <property name="maven.ext.class.path" value="/Applications/NetBeans/Apache NetBeans 17.app/Contents/Resources/NetBeans/netbeans/java/maven-nblib/netbeans-eventspy.jar"/>
    <property name="localRepository" value="/Users/javierortiz/.m2/repository"/>
    <property name="java.vendor.url.bug" value="http://www.azul.com/support/"/>
    <property name="java.io.tmpdir" value="/var/folders/kq/p13m31w97sv817rnd89yqylc0000gq/T/"/>
    <property name="java.version" value="11.0.17"/>
    <property name="user.dir" value="/Users/javierortiz/Documents/Personal/TestNG-CI/src/test/resources/unit/project-to-test"/>
    <property name="os.arch" value="x86_64"/>
    <property name="java.vm.specification.name" value="Java Virtual Machine Specification"/>
    <property name="java.awt.printerjob" value="sun.lwawt.macosx.CPrinterJob"/>
    <property name="sun.os.patch.level" value="unknown"/>
    <property name="java.library.path" value="/Users/javierortiz/Library/Java/Extensions:/Library/Java/Extensions:/Network/Library/Java/Extensions:/System/Library/Java/Extensions:/usr/lib/java:."/>
    <property name="java.vm.info" value="mixed mode"/>
    <property name="java.vendor" value="Azul Systems, Inc."/>
    <property name="java.vm.version" value="11.0.17+8-LTS"/>
    <property name="sun.io.unicode.encoding" value="UnicodeBig"/>
    <property name="java.class.version" value="55.0"/>
    <property name="socksNonProxyHosts" value="local|*.local|169.254/16|*.169.254/16"/>
  </properties>
  <testcase name="childrenClass1ummyTest" classname="basic.project.ChildrenClass1Test" time="0"/>
</testsuite>
